<?xml version="1.0" encoding="UTF-8"?>
<!-- Generated by org.testng.reporters.JUnitReportReporter -->
<testsuite hostname="LAPTOP-6ELIUE8F" failures="0" tests="1" name="exercise.Exercise2" time="25.459" errors="0" timestamp="2022-06-22T20:23:01 IST" skipped="0">
  <testcase classname="exercise.Exercise2" name="loginTest" time="25.459"/>
  <system-out/>
</testsuite> <!-- exercise.Exercise2 -->
