<?xml version="1.0" encoding="UTF-8"?>
<!-- Generated by org.testng.reporters.JUnitReportReporter -->
<testsuite hostname="LAPTOP-6ELIUE8F" failures="0" tests="2" name="exercise.Exercise1" time="0.011" errors="0" timestamp="2022-06-22T19:55:40 IST" skipped="0">
  <testcase classname="exercise.Exercise1" name="isNumericTest" time="0.001"/>
  <system-out/>
  <testcase classname="exercise.Exercise1" name="isNumericTest" time="0.010"/>
  <system-out/>
</testsuite> <!-- exercise.Exercise1 -->
