<?xml version="1.0" encoding="UTF-8"?>
<!-- Generated by org.testng.reporters.JUnitReportReporter -->
<testsuite hostname="LAPTOP-6ELIUE8F" failures="0" tests="1" name="browser" time="6.191" errors="0" timestamp="2022-06-13T14:27:27 IST" skipped="0">
  <testcase classname="browser" name="calcTest" time="6.191"/>
  <system-out/>
</testsuite> <!-- browser -->
