<?xml version="1.0" encoding="UTF-8"?>
<!-- Generated by org.testng.reporters.JUnitReportReporter -->
<testsuite hostname="LAPTOP-6ELIUE8F" failures="0" tests="2" name="TestData" time="11.915" errors="0" timestamp="2022-09-07T03:27:20 IST" skipped="0">
  <testcase classname="TestData" name="searchText" time="6.756"/>
  <system-out/>
  <testcase classname="TestData" name="searchText" time="5.159"/>
  <system-out/>
</testsuite> <!-- TestData -->
