<?xml version="1.0" encoding="UTF-8"?>
<!-- Generated by org.testng.reporters.JUnitReportReporter -->
<testsuite hostname="LAPTOP-6ELIUE8F" failures="0" tests="1" name="BaseTest" time="3.353" errors="0" timestamp="2022-08-20T11:58:55 IST" skipped="0">
  <testcase classname="BaseTest" name="setUpSuite" time="3.353"/>
  <system-out/>
</testsuite> <!-- BaseTest -->
